  Outdata.cpp
c:\program files\pcl 1.8.0\include\pcl-1.8\pcl\point_traits.h : warning C4819: 该文件包含不能在当前代码页(936)中表示的字符。请将该文件保存为 Unicode 格式以防止数据丢失
c:\program files\pcl 1.8.0\3rdparty\flann\include\flann\util\serialization.h(363): warning C4996: 'fopen': This function or variable may be unsafe. Consider using fopen_s instead. To disable deprecation, use _CRT_SECURE_NO_WARNINGS. See online help for details.
  c:\program files (x86)\windows kits\10\include\10.0.10150.0\ucrt\stdio.h(205): note: 参见“fopen”的声明
c:\program files\pcl 1.8.0\3rdparty\flann\include\flann\util\serialization.h(407): warning C4996: 'fopen': This function or variable may be unsafe. Consider using fopen_s instead. To disable deprecation, use _CRT_SECURE_NO_WARNINGS. See online help for details.
  c:\program files (x86)\windows kits\10\include\10.0.10150.0\ucrt\stdio.h(205): note: 参见“fopen”的声明
c:\program files\pcl 1.8.0\3rdparty\flann\include\flann\util\saving.h(65): warning C4996: 'strcpy': This function or variable may be unsafe. Consider using strcpy_s instead. To disable deprecation, use _CRT_SECURE_NO_WARNINGS. See online help for details.
  c:\program files (x86)\windows kits\10\include\10.0.10150.0\ucrt\string.h(119): note: 参见“strcpy”的声明
c:\program files\pcl 1.8.0\3rdparty\flann\include\flann\util\saving.h(67): warning C4996: 'strcpy': This function or variable may be unsafe. Consider using strcpy_s instead. To disable deprecation, use _CRT_SECURE_NO_WARNINGS. See online help for details.
  c:\program files (x86)\windows kits\10\include\10.0.10150.0\ucrt\string.h(119): note: 参见“strcpy”的声明
c:\program files\pcl 1.8.0\3rdparty\flann\include\flann\util\logger.h(66): warning C4996: 'fopen': This function or variable may be unsafe. Consider using fopen_s instead. To disable deprecation, use _CRT_SECURE_NO_WARNINGS. See online help for details.
  c:\program files (x86)\windows kits\10\include\10.0.10150.0\ucrt\stdio.h(205): note: 参见“fopen”的声明
e:\code\vscode\22paper\skeletonlinechoosegraghcut\graphcutlinelib\gcosketonline\gcosketonline\parameters.h(12): warning C4005: “M_PI”: 宏重定义
  c:\program files\pcl 1.8.0\3rdparty\eigen\eigen3\eigen\geometry(13): note: 参见“M_PI”的前一个定义
e:\code\vscode\22paper\skeletonlinechoosegraghcut\graphcutlinelib\gcosketonline\gcosketonline\outdata.cpp(19): warning C4267: “初始化”: 从“size_t”转换到“int”，可能丢失数据
e:\code\vscode\22paper\skeletonlinechoosegraghcut\graphcutlinelib\gcosketonline\gcosketonline\outdata.cpp(63): warning C4477: 'fprintf' : format string '%ld' requires an argument of type 'long', but variadic argument 1 has type 'unsigned __int64'
  e:\code\vscode\22paper\skeletonlinechoosegraghcut\graphcutlinelib\gcosketonline\gcosketonline\outdata.cpp(63): note: consider using '%zd' in the format string
e:\code\vscode\22paper\skeletonlinechoosegraghcut\graphcutlinelib\gcosketonline\gcosketonline\outdata.cpp(173): warning C4996: 'fopen': This function or variable may be unsafe. Consider using fopen_s instead. To disable deprecation, use _CRT_SECURE_NO_WARNINGS. See online help for details.
  c:\program files (x86)\windows kits\10\include\10.0.10150.0\ucrt\stdio.h(205): note: 参见“fopen”的声明
e:\code\vscode\22paper\skeletonlinechoosegraghcut\graphcutlinelib\gcosketonline\gcosketonline\outdata.cpp(177): warning C4477: 'fprintf' : format string '%d' requires an argument of type 'int', but variadic argument 1 has type 'unsigned __int64'
  e:\code\vscode\22paper\skeletonlinechoosegraghcut\graphcutlinelib\gcosketonline\gcosketonline\outdata.cpp(177): note: consider using '%zd' in the format string
e:\code\vscode\22paper\skeletonlinechoosegraghcut\graphcutlinelib\gcosketonline\gcosketonline\outdata.cpp(184): warning C4477: 'fprintf' : format string '%d' requires an argument of type 'int', but variadic argument 1 has type 'unsigned __int64'
  e:\code\vscode\22paper\skeletonlinechoosegraghcut\graphcutlinelib\gcosketonline\gcosketonline\outdata.cpp(184): note: consider using '%zd' in the format string
d:\software\visualstdio\vc\include\xmemory(350): warning C4996: 'std::_Uninitialized_copy0': Function call with parameters that may be unsafe - this call relies on the caller to check that the passed values are correct. To disable this warning, use -D_SCL_SECURE_NO_WARNINGS. See documentation on how to use Visual C++ 'Checked Iterators'
  d:\software\visualstdio\vc\include\xmemory(336): note: 参见“std::_Uninitialized_copy0”的声明
  c:\program files\pcl 1.8.0\3rdparty\boost\include\boost-1_61\boost\signals2\detail\auto_buffer.hpp(191): note: 参见对正在编译的函数 模板 实例化“_FwdIt std::uninitialized_copy<I,boost::shared_ptr<void>*>(_InIt,_InIt,_FwdIt)”的引用
          with
          [
              _FwdIt=boost::shared_ptr<void> *,
              I=boost::shared_ptr<void> *,
              _InIt=boost::shared_ptr<void> *
          ]
  c:\program files\pcl 1.8.0\3rdparty\boost\include\boost-1_61\boost\signals2\detail\auto_buffer.hpp(178): note: 参见对正在编译的函数 模板 实例化“void boost::signals2::detail::auto_buffer<boost::shared_ptr<void>,boost::signals2::detail::store_n_objects<10>,boost::signals2::detail::default_grow_policy,std::allocator<T>>::copy_rai<I,false>(I,I,boost::shared_ptr<void> *,const boost::integral_constant<bool,false> &)”的引用
          with
          [
              T=boost::shared_ptr<void>,
              I=boost::shared_ptr<void> *
          ]
  c:\program files\pcl 1.8.0\3rdparty\boost\include\boost-1_61\boost\signals2\detail\auto_buffer.hpp(178): note: 参见对正在编译的函数 模板 实例化“void boost::signals2::detail::auto_buffer<boost::shared_ptr<void>,boost::signals2::detail::store_n_objects<10>,boost::signals2::detail::default_grow_policy,std::allocator<T>>::copy_rai<I,false>(I,I,boost::shared_ptr<void> *,const boost::integral_constant<bool,false> &)”的引用
          with
          [
              T=boost::shared_ptr<void>,
              I=boost::shared_ptr<void> *
          ]
  c:\program files\pcl 1.8.0\3rdparty\boost\include\boost-1_61\boost\signals2\detail\auto_buffer.hpp(204): note: 参见对正在编译的函数 模板 实例化“void boost::signals2::detail::auto_buffer<boost::shared_ptr<void>,boost::signals2::detail::store_n_objects<10>,boost::signals2::detail::default_grow_policy,std::allocator<T>>::copy_impl<I>(I,I,boost::shared_ptr<void> *,std::random_access_iterator_tag)”的引用
          with
          [
              T=boost::shared_ptr<void>,
              I=boost::shared_ptr<void> *
          ]
  c:\program files\pcl 1.8.0\3rdparty\boost\include\boost-1_61\boost\signals2\detail\auto_buffer.hpp(204): note: 参见对正在编译的函数 模板 实例化“void boost::signals2::detail::auto_buffer<boost::shared_ptr<void>,boost::signals2::detail::store_n_objects<10>,boost::signals2::detail::default_grow_policy,std::allocator<T>>::copy_impl<I>(I,I,boost::shared_ptr<void> *,std::random_access_iterator_tag)”的引用
          with
          [
              T=boost::shared_ptr<void>,
              I=boost::shared_ptr<void> *
          ]
  c:\program files\pcl 1.8.0\3rdparty\boost\include\boost-1_61\boost\signals2\detail\auto_buffer.hpp(296): note: 参见对正在编译的函数 模板 实例化“void boost::signals2::detail::auto_buffer<boost::shared_ptr<void>,boost::signals2::detail::store_n_objects<10>,boost::signals2::detail::default_grow_policy,std::allocator<T>>::copy_impl<boost::shared_ptr<void>*>(I,I,boost::shared_ptr<void> *)”的引用
          with
          [
              T=boost::shared_ptr<void>,
              I=boost::shared_ptr<void> *
          ]
  c:\program files\pcl 1.8.0\3rdparty\boost\include\boost-1_61\boost\signals2\detail\auto_buffer.hpp(296): note: 参见对正在编译的函数 模板 实例化“void boost::signals2::detail::auto_buffer<boost::shared_ptr<void>,boost::signals2::detail::store_n_objects<10>,boost::signals2::detail::default_grow_policy,std::allocator<T>>::copy_impl<boost::shared_ptr<void>*>(I,I,boost::shared_ptr<void> *)”的引用
          with
          [
              T=boost::shared_ptr<void>,
              I=boost::shared_ptr<void> *
          ]
  c:\program files\pcl 1.8.0\3rdparty\boost\include\boost-1_61\boost\signals2\detail\auto_buffer.hpp(294): note: 编译类 模板 成员函数“boost::shared_ptr<void> *boost::signals2::detail::auto_buffer<boost::shared_ptr<void>,boost::signals2::detail::store_n_objects<10>,boost::signals2::detail::default_grow_policy,std::allocator<T>>::move_to_new_buffer(unsigned __int64,const boost::true_type &)”时
          with
          [
              T=boost::shared_ptr<void>
          ]
  c:\program files\pcl 1.8.0\3rdparty\boost\include\boost-1_61\boost\signals2\detail\auto_buffer.hpp(303): note: 参见对正在编译的函数 模板 实例化“boost::shared_ptr<void> *boost::signals2::detail::auto_buffer<boost::shared_ptr<void>,boost::signals2::detail::store_n_objects<10>,boost::signals2::detail::default_grow_policy,std::allocator<T>>::move_to_new_buffer(unsigned __int64,const boost::true_type &)”的引用
          with
          [
              T=boost::shared_ptr<void>
          ]
  c:\program files\pcl 1.8.0\3rdparty\boost\include\boost-1_61\boost\signals2\connection.hpp(53): note: 参见对正在编译的类 模板 实例化“boost::signals2::detail::auto_buffer<boost::shared_ptr<void>,boost::signals2::detail::store_n_objects<10>,boost::signals2::detail::default_grow_policy,std::allocator<T>>”的引用
          with
          [
              T=boost::shared_ptr<void>
          ]
  c:\program files\pcl 1.8.0\3rdparty\boost\include\boost-1_61\boost\signals2\connection.hpp(55): note: 参见对正在编译的类 模板 实例化“boost::signals2::detail::garbage_collecting_lock<Mutex>”的引用
  GraphcutSelect.cpp
c:\program files\pcl 1.8.0\include\pcl-1.8\pcl\point_traits.h : warning C4819: 该文件包含不能在当前代码页(936)中表示的字符。请将该文件保存为 Unicode 格式以防止数据丢失
c:\program files\pcl 1.8.0\3rdparty\flann\include\flann\util\serialization.h(363): warning C4996: 'fopen': This function or variable may be unsafe. Consider using fopen_s instead. To disable deprecation, use _CRT_SECURE_NO_WARNINGS. See online help for details.
  c:\program files (x86)\windows kits\10\include\10.0.10150.0\ucrt\stdio.h(205): note: 参见“fopen”的声明
c:\program files\pcl 1.8.0\3rdparty\flann\include\flann\util\serialization.h(407): warning C4996: 'fopen': This function or variable may be unsafe. Consider using fopen_s instead. To disable deprecation, use _CRT_SECURE_NO_WARNINGS. See online help for details.
  c:\program files (x86)\windows kits\10\include\10.0.10150.0\ucrt\stdio.h(205): note: 参见“fopen”的声明
c:\program files\pcl 1.8.0\3rdparty\flann\include\flann\util\saving.h(65): warning C4996: 'strcpy': This function or variable may be unsafe. Consider using strcpy_s instead. To disable deprecation, use _CRT_SECURE_NO_WARNINGS. See online help for details.
  c:\program files (x86)\windows kits\10\include\10.0.10150.0\ucrt\string.h(119): note: 参见“strcpy”的声明
c:\program files\pcl 1.8.0\3rdparty\flann\include\flann\util\saving.h(67): warning C4996: 'strcpy': This function or variable may be unsafe. Consider using strcpy_s instead. To disable deprecation, use _CRT_SECURE_NO_WARNINGS. See online help for details.
  c:\program files (x86)\windows kits\10\include\10.0.10150.0\ucrt\string.h(119): note: 参见“strcpy”的声明
c:\program files\pcl 1.8.0\3rdparty\flann\include\flann\util\logger.h(66): warning C4996: 'fopen': This function or variable may be unsafe. Consider using fopen_s instead. To disable deprecation, use _CRT_SECURE_NO_WARNINGS. See online help for details.
  c:\program files (x86)\windows kits\10\include\10.0.10150.0\ucrt\stdio.h(205): note: 参见“fopen”的声明
e:\code\vscode\22paper\skeletonlinechoosegraghcut\graphcutlinelib\gcosketonline\gcosketonline\parameters.h(12): warning C4005: “M_PI”: 宏重定义
  c:\program files\pcl 1.8.0\3rdparty\eigen\eigen3\eigen\geometry(13): note: 参见“M_PI”的前一个定义
e:\code\vscode\22paper\skeletonlinechoosegraghcut\graphcutlinelib\gcosketonline\gcosketonline\graphcutselect.cpp(763): warning C4267: “初始化”: 从“size_t”转换到“int”，可能丢失数据
e:\code\vscode\22paper\skeletonlinechoosegraghcut\graphcutlinelib\gcosketonline\gcosketonline\graphcutselect.cpp(764): warning C4267: “初始化”: 从“size_t”转换到“int”，可能丢失数据
e:\code\vscode\22paper\skeletonlinechoosegraghcut\graphcutlinelib\gcosketonline\gcosketonline\graphcutselect.cpp(1014): warning C4267: “=”: 从“size_t”转换到“int”，可能丢失数据
e:\code\vscode\22paper\skeletonlinechoosegraghcut\graphcutlinelib\gcosketonline\gcosketonline\graphcutselect.cpp(1034): warning C4267: “初始化”: 从“size_t”转换到“int”，可能丢失数据
d:\software\visualstdio\vc\include\xutility(2811): warning C4996: 'std::_Fill_n': Function call with parameters that may be unsafe - this call relies on the caller to check that the passed values are correct. To disable this warning, use -D_SCL_SECURE_NO_WARNINGS. See documentation on how to use Visual C++ 'Checked Iterators'
  d:\software\visualstdio\vc\include\xutility(2797): note: 参见“std::_Fill_n”的声明
  c:\program files\pcl 1.8.0\3rdparty\boost\include\boost-1_61\boost\random\detail\polynomial.hpp(114): note: 参见对正在编译的函数 模板 实例化“_OutIt std::fill_n<boost::random::detail::polynomial_ops::digit_t*,size_t,boost::random::detail::polynomial_ops::digit_t>(_OutIt,_Diff,const _Ty &)”的引用
          with
          [
              _OutIt=boost::random::detail::polynomial_ops::digit_t *,
              _Diff=size_t,
              _Ty=boost::random::detail::polynomial_ops::digit_t
          ]
d:\software\visualstdio\vc\include\xmemory(350): warning C4996: 'std::_Uninitialized_copy0': Function call with parameters that may be unsafe - this call relies on the caller to check that the passed values are correct. To disable this warning, use -D_SCL_SECURE_NO_WARNINGS. See documentation on how to use Visual C++ 'Checked Iterators'
  d:\software\visualstdio\vc\include\xmemory(336): note: 参见“std::_Uninitialized_copy0”的声明
  c:\program files\pcl 1.8.0\3rdparty\boost\include\boost-1_61\boost\signals2\detail\auto_buffer.hpp(191): note: 参见对正在编译的函数 模板 实例化“_FwdIt std::uninitialized_copy<I,boost::shared_ptr<void>*>(_InIt,_InIt,_FwdIt)”的引用
          with
          [
              _FwdIt=boost::shared_ptr<void> *,
              I=boost::shared_ptr<void> *,
              _InIt=boost::shared_ptr<void> *
          ]
  c:\program files\pcl 1.8.0\3rdparty\boost\include\boost-1_61\boost\signals2\detail\auto_buffer.hpp(178): note: 参见对正在编译的函数 模板 实例化“void boost::signals2::detail::auto_buffer<boost::shared_ptr<void>,boost::signals2::detail::store_n_objects<10>,boost::signals2::detail::default_grow_policy,std::allocator<T>>::copy_rai<I,false>(I,I,boost::shared_ptr<void> *,const boost::integral_constant<bool,false> &)”的引用
          with
          [
              T=boost::shared_ptr<void>,
              I=boost::shared_ptr<void> *
          ]
  c:\program files\pcl 1.8.0\3rdparty\boost\include\boost-1_61\boost\signals2\detail\auto_buffer.hpp(178): note: 参见对正在编译的函数 模板 实例化“void boost::signals2::detail::auto_buffer<boost::shared_ptr<void>,boost::signals2::detail::store_n_objects<10>,boost::signals2::detail::default_grow_policy,std::allocator<T>>::copy_rai<I,false>(I,I,boost::shared_ptr<void> *,const boost::integral_constant<bool,false> &)”的引用
          with
          [
              T=boost::shared_ptr<void>,
              I=boost::shared_ptr<void> *
          ]
  c:\program files\pcl 1.8.0\3rdparty\boost\include\boost-1_61\boost\signals2\detail\auto_buffer.hpp(204): note: 参见对正在编译的函数 模板 实例化“void boost::signals2::detail::auto_buffer<boost::shared_ptr<void>,boost::signals2::detail::store_n_objects<10>,boost::signals2::detail::default_grow_policy,std::allocator<T>>::copy_impl<I>(I,I,boost::shared_ptr<void> *,std::random_access_iterator_tag)”的引用
          with
          [
              T=boost::shared_ptr<void>,
              I=boost::shared_ptr<void> *
          ]
  c:\program files\pcl 1.8.0\3rdparty\boost\include\boost-1_61\boost\signals2\detail\auto_buffer.hpp(204): note: 参见对正在编译的函数 模板 实例化“void boost::signals2::detail::auto_buffer<boost::shared_ptr<void>,boost::signals2::detail::store_n_objects<10>,boost::signals2::detail::default_grow_policy,std::allocator<T>>::copy_impl<I>(I,I,boost::shared_ptr<void> *,std::random_access_iterator_tag)”的引用
          with
          [
              T=boost::shared_ptr<void>,
              I=boost::shared_ptr<void> *
          ]
  c:\program files\pcl 1.8.0\3rdparty\boost\include\boost-1_61\boost\signals2\detail\auto_buffer.hpp(296): note: 参见对正在编译的函数 模板 实例化“void boost::signals2::detail::auto_buffer<boost::shared_ptr<void>,boost::signals2::detail::store_n_objects<10>,boost::signals2::detail::default_grow_policy,std::allocator<T>>::copy_impl<boost::shared_ptr<void>*>(I,I,boost::shared_ptr<void> *)”的引用
          with
          [
              T=boost::shared_ptr<void>,
              I=boost::shared_ptr<void> *
          ]
  c:\program files\pcl 1.8.0\3rdparty\boost\include\boost-1_61\boost\signals2\detail\auto_buffer.hpp(296): note: 参见对正在编译的函数 模板 实例化“void boost::signals2::detail::auto_buffer<boost::shared_ptr<void>,boost::signals2::detail::store_n_objects<10>,boost::signals2::detail::default_grow_policy,std::allocator<T>>::copy_impl<boost::shared_ptr<void>*>(I,I,boost::shared_ptr<void> *)”的引用
          with
          [
              T=boost::shared_ptr<void>,
              I=boost::shared_ptr<void> *
          ]
  c:\program files\pcl 1.8.0\3rdparty\boost\include\boost-1_61\boost\signals2\detail\auto_buffer.hpp(294): note: 编译类 模板 成员函数“boost::shared_ptr<void> *boost::signals2::detail::auto_buffer<boost::shared_ptr<void>,boost::signals2::detail::store_n_objects<10>,boost::signals2::detail::default_grow_policy,std::allocator<T>>::move_to_new_buffer(unsigned __int64,const boost::true_type &)”时
          with
          [
              T=boost::shared_ptr<void>
          ]
  c:\program files\pcl 1.8.0\3rdparty\boost\include\boost-1_61\boost\signals2\detail\auto_buffer.hpp(303): note: 参见对正在编译的函数 模板 实例化“boost::shared_ptr<void> *boost::signals2::detail::auto_buffer<boost::shared_ptr<void>,boost::signals2::detail::store_n_objects<10>,boost::signals2::detail::default_grow_policy,std::allocator<T>>::move_to_new_buffer(unsigned __int64,const boost::true_type &)”的引用
          with
          [
              T=boost::shared_ptr<void>
          ]
  c:\program files\pcl 1.8.0\3rdparty\boost\include\boost-1_61\boost\signals2\connection.hpp(53): note: 参见对正在编译的类 模板 实例化“boost::signals2::detail::auto_buffer<boost::shared_ptr<void>,boost::signals2::detail::store_n_objects<10>,boost::signals2::detail::default_grow_policy,std::allocator<T>>”的引用
          with
          [
              T=boost::shared_ptr<void>
          ]
  c:\program files\pcl 1.8.0\3rdparty\boost\include\boost-1_61\boost\signals2\connection.hpp(55): note: 参见对正在编译的类 模板 实例化“boost::signals2::detail::garbage_collecting_lock<Mutex>”的引用
  GcoSketonLine.cpp
c:\program files\pcl 1.8.0\include\pcl-1.8\pcl\point_traits.h : warning C4819: 该文件包含不能在当前代码页(936)中表示的字符。请将该文件保存为 Unicode 格式以防止数据丢失
c:\program files\pcl 1.8.0\3rdparty\flann\include\flann\util\serialization.h(363): warning C4996: 'fopen': This function or variable may be unsafe. Consider using fopen_s instead. To disable deprecation, use _CRT_SECURE_NO_WARNINGS. See online help for details.
  c:\program files (x86)\windows kits\10\include\10.0.10150.0\ucrt\stdio.h(205): note: 参见“fopen”的声明
c:\program files\pcl 1.8.0\3rdparty\flann\include\flann\util\serialization.h(407): warning C4996: 'fopen': This function or variable may be unsafe. Consider using fopen_s instead. To disable deprecation, use _CRT_SECURE_NO_WARNINGS. See online help for details.
  c:\program files (x86)\windows kits\10\include\10.0.10150.0\ucrt\stdio.h(205): note: 参见“fopen”的声明
c:\program files\pcl 1.8.0\3rdparty\flann\include\flann\util\saving.h(65): warning C4996: 'strcpy': This function or variable may be unsafe. Consider using strcpy_s instead. To disable deprecation, use _CRT_SECURE_NO_WARNINGS. See online help for details.
  c:\program files (x86)\windows kits\10\include\10.0.10150.0\ucrt\string.h(119): note: 参见“strcpy”的声明
c:\program files\pcl 1.8.0\3rdparty\flann\include\flann\util\saving.h(67): warning C4996: 'strcpy': This function or variable may be unsafe. Consider using strcpy_s instead. To disable deprecation, use _CRT_SECURE_NO_WARNINGS. See online help for details.
  c:\program files (x86)\windows kits\10\include\10.0.10150.0\ucrt\string.h(119): note: 参见“strcpy”的声明
c:\program files\pcl 1.8.0\3rdparty\flann\include\flann\util\logger.h(66): warning C4996: 'fopen': This function or variable may be unsafe. Consider using fopen_s instead. To disable deprecation, use _CRT_SECURE_NO_WARNINGS. See online help for details.
  c:\program files (x86)\windows kits\10\include\10.0.10150.0\ucrt\stdio.h(205): note: 参见“fopen”的声明
e:\code\vscode\22paper\skeletonlinechoosegraghcut\graphcutlinelib\gcosketonline\gcosketonline\parameters.h(12): warning C4005: “M_PI”: 宏重定义
  c:\program files\pcl 1.8.0\3rdparty\eigen\eigen3\eigen\geometry(13): note: 参见“M_PI”的前一个定义
e:\code\vscode\22paper\skeletonlinechoosegraghcut\graphcutlinelib\gcosketonline\gcosketonline\gcosketonline.cpp(16): error C2660: “CIndata::readPts”: 函数不接受 0 个参数
  正在生成代码...
  正在跳过...(未检测到相关更改)
  BuildGrid.cpp
